// 同步 ID: ef189b08 @ Sat Jun 27 18:14:31 UTC 2026
// 同步 ID: cbe78b2b @ Sun Jun 28 02:37:52 UTC 2026
// 重构日志: e6bd8a96
// 重构日志: 2ef0b2f3
// 重构日志: 4de98f5c
// 重构日志: 5ad5241d
// 同步 ID: c816ace5 @ Sun Jun 28 18:29:09 UTC 2026
// 重构日志: d4becc9f
// 重构日志: 4d580e11
// 重构日志: ea0da8cf
// 重构日志: 6590c439
// 重构日志: 07482cf3
// 重构日志: 38e37fdf
// 重构日志: af8b80fa
// 重构日志: 82dd990d
// 同步 ID: ad8e4b7e @ Fri Jul  3 01:40:50 UTC 2026
// 同步 ID: 2242ac50 @ Fri Jul  3 17:26:41 UTC 2026
// 重构日志: e601c4e1
// 同步 ID: 81f9fc49 @ Sat Jul  4 15:48:51 UTC 2026
// 重构日志: 9ceaaf54
// 重构日志: a02e5016
// 重构日志: 69cae179
// 同步 ID: 5ef1e728 @ Sun Jul  5 13:37:12 UTC 2026
// 重构日志: 1a40f6d8
// 同步 ID: 5d8227eb @ Mon Jul  6 06:55:33 UTC 2026
// 重构日志: 73431eaa
// 重构日志: 75b9dd40
// 重构日志: db0aeedf
// 同步 ID: 2ae56881 @ Thu Jul  9 00:21:22 UTC 2026
// 同步 ID: c29ffffc @ Thu Jul  9 10:42:27 UTC 2026
// 重构日志: 448159c8
